Using pre-set license
Built from '2020.3/release' branch; Version is '2020.3.15f2 (6cf78cb77498) revision 7141260'; Using compiler version '192528614'; Build Type 'Release'
OS: 'Windows 10 Home; OS build 22631.4751; Version 2009; 64bit' Language: 'en' Physical Memory: 20327 MB
BatchMode: 1, IsHumanControllingUs: 0, StartBugReporterOnCrash: 0, Is64bit: 1, IsPro: 0

 COMMAND LINE ARGUMENTS:
C:\Program Files\Unity\Hub\Editor\2020.3.15f2\Editor\Unity.exe
-adb2
-batchMode
-noUpm
-name
AssetImportWorker0
-projectPath
C:/Users/darri/Hackerbot Alpha Attack
-logFile
Logs/AssetImportWorker0.log
-srvPort
55056
Successfully changed project path to: C:/Users/darri/Hackerbot Alpha Attack
C:/Users/darri/Hackerbot Alpha Attack
Using Asset Import Pipeline V2.
Refreshing native plugins compatible for Editor in 68.72 ms, found 3 plugins.
Preloading 0 native plugins for Editor in 0.00 ms.
Initialize engine version: 2020.3.15f2 (6cf78cb77498)
[Subsystems] Discovering subsystems at path C:/Program Files/Unity/Hub/Editor/2020.3.15f2/Editor/Data/Resources/UnitySubsystems
[Subsystems] Discovering subsystems at path C:/Users/darri/Hackerbot Alpha Attack/Assets
GfxDevice: creating device client; threaded=0
Direct3D:
    Version:  Direct3D 11.0 [level 11.1]
    Renderer: Intel(R) UHD Graphics 620 (ID=0x3ea0)
    Vendor:   
    VRAM:     10163 MB
    Driver:   26.20.100.6911
Initialize mono
Mono path[0] = 'C:/Program Files/Unity/Hub/Editor/2020.3.15f2/Editor/Data/Managed'
Mono path[1] = 'C:/Program Files/Unity/Hub/Editor/2020.3.15f2/Editor/Data/MonoBleedingEdge/lib/mono/unityjit'
Mono config path = 'C:/Program Files/Unity/Hub/Editor/2020.3.15f2/Editor/Data/MonoBleedingEdge/etc'
Using monoOptions --debugger-agent=transport=dt_socket,embedding=1,server=y,suspend=n,address=127.0.0.1:56776
Begin MonoManager ReloadAssembly
Registering precompiled unity dll's ...
Register platform support module: C:/Program Files/Unity/Hub/Editor/2020.3.15f2/Editor/Data/PlaybackEngines/WindowsStandaloneSupport/UnityEditor.WindowsStandalone.Extensions.dll
Registered in 0.002438 seconds.
Native extension for WindowsStandalone target not found
Refreshing native plugins compatible for Editor in 62.90 ms, found 3 plugins.
Preloading 0 native plugins for Editor in 0.00 ms.
Mono: successfully reloaded assembly
- Completed reload, in  1.461 seconds
Domain Reload Profiling:
	ReloadAssembly (1462ms)
		BeginReloadAssembly (65ms)
			ExecutionOrderSort (0ms)
			DisableScriptedObjects (0ms)
			BackupInstance (0ms)
			ReleaseScriptingObjects (0ms)
			CreateAndSetChildDomain (1ms)
		EndReloadAssembly (488ms)
			LoadAssemblies (61ms)
			RebuildTransferFunctionScriptingTraits (0ms)
			SetupTypeCache (163ms)
			ReleaseScriptCaches (0ms)
			RebuildScriptCaches (38ms)
			SetupLoadedEditorAssemblies (198ms)
				LogAssemblyErrors (0ms)
				InitializePlatformSupportModulesInManaged (4ms)
				SetLoadedEditorAssemblies (0ms)
				RefreshPlugins (63ms)
				BeforeProcessingInitializeOnLoad (7ms)
				ProcessInitializeOnLoadAttributes (90ms)
				ProcessInitializeOnLoadMethodAttributes (33ms)
				AfterProcessingInitializeOnLoad (0ms)
				EditorAssembliesLoaded (0ms)
			ExecutionOrderSort2 (0ms)
			AwakeInstancesAfterBackupRestoration (0ms)
Platform modules already initialized, skipping
Registering precompiled user dll's ...
Registered in 0.006632 seconds.
Begin MonoManager ReloadAssembly
Native extension for WindowsStandalone target not found
Refreshing native plugins compatible for Editor in 62.47 ms, found 3 plugins.
Preloading 0 native plugins for Editor in 0.00 ms.
Mono: successfully reloaded assembly
- Completed reload, in  1.446 seconds
Domain Reload Profiling:
	ReloadAssembly (1447ms)
		BeginReloadAssembly (184ms)
			ExecutionOrderSort (0ms)
			DisableScriptedObjects (5ms)
			BackupInstance (0ms)
			ReleaseScriptingObjects (0ms)
			CreateAndSetChildDomain (24ms)
		EndReloadAssembly (1190ms)
			LoadAssemblies (111ms)
			RebuildTransferFunctionScriptingTraits (0ms)
			SetupTypeCache (343ms)
			ReleaseScriptCaches (1ms)
			RebuildScriptCaches (59ms)
			SetupLoadedEditorAssemblies (535ms)
				LogAssemblyErrors (0ms)
				InitializePlatformSupportModulesInManaged (4ms)
				SetLoadedEditorAssemblies (1ms)
				RefreshPlugins (63ms)
				BeforeProcessingInitializeOnLoad (79ms)
				ProcessInitializeOnLoadAttributes (365ms)
				ProcessInitializeOnLoadMethodAttributes (15ms)
				AfterProcessingInitializeOnLoad (9ms)
				EditorAssembliesLoaded (0ms)
			ExecutionOrderSort2 (0ms)
			AwakeInstancesAfterBackupRestoration (7ms)
Platform modules already initialized, skipping
========================================================================
Worker process is ready to serve import requests
Launched and connected shader compiler UnityShaderCompiler.exe after 0.05 seconds
Refreshing native plugins compatible for Editor in 0.58 ms, found 3 plugins.
Preloading 0 native plugins for Editor in 0.00 ms.
Unloading 2434 Unused Serialized files (Serialized files now loaded: 0)
System memory in use before: 128.2 MB.
System memory in use after: 128.4 MB.

Unloading 28 unused Assets to reduce memory usage. Loaded Objects now: 2896.
Total: 3.487000 ms (FindLiveObjects: 0.261300 ms CreateObjectMapping: 0.118900 ms MarkObjects: 3.054000 ms  DeleteObjects: 0.050900 ms)

AssetImportParameters requested are different than current active one (requested -> active):
  custom:framework-win-MediaFoundation: 216162199b28c13a410421893ffa2e32 -> 
  custom:video-decoder-ogg-theora: a1e56fd34408186e4bbccfd4996cb3dc -> 
  custom:container-muxer-webm: aa71ff27fc2769a1b78a27578f13a17b -> 
  custom:container-demuxer-webm: 4f35f7cbe854078d1ac9338744f61a02 -> 
  custom:container-demuxer-ogg: 62fdf1f143b41e24485cea50d1cbac27 -> 
  custom:video-encoder-webm-vp8: eb34c28f22e8b96e1ab97ce403110664 -> 
  custom:video-decoder-webm-vp8: 9c59270c3fd7afecdb556c50c9e8de78 -> 
  custom:audio-decoder-ogg-vorbis: bf7c407c2cedff20999df2af8eb42d56 -> 
  custom:audio-encoder-webm-vorbis: bf7c407c2cedff20999df2af8eb42d56 -> 
========================================================================
Received Import Request.
  path: Assets/Charcaters/JoulE/JoulE2.prefab
  artifactKey: Guid(17b22203ae8dd7447a4372d331053249) Importer(815301076,1909f56bfc062723c751e8b465ee728b)
Start importing Assets/Charcaters/JoulE/JoulE2.prefab using Guid(17b22203ae8dd7447a4372d331053249) Importer(815301076,1909f56bfc062723c751e8b465ee728b)  -> (artifact id: 'fd5e69a9a39de243e62f8eccb1de1cdb') in 0.364370 seconds 
  Import took 0.375935 seconds .

========================================================================
Received Import Request.
  Time since last request: 15.207112 seconds.
  path: Assets/Charcaters/JoulE/JoulE2.prefab
  artifactKey: Guid(17b22203ae8dd7447a4372d331053249) Importer(815301076,1909f56bfc062723c751e8b465ee728b)
Start importing Assets/Charcaters/JoulE/JoulE2.prefab using Guid(17b22203ae8dd7447a4372d331053249) Importer(815301076,1909f56bfc062723c751e8b465ee728b)  -> (artifact id: 'a08c707b93e5d2c9c00e4f75509ad845') in 0.260511 seconds 
  Import took 0.275961 seconds .

========================================================================
Received Import Request.
  Time since last request: 11.288159 seconds.
  path: Assets/Charcaters/Klon/Klon4.prefab
  artifactKey: Guid(aaa34af902f6d3d4d9d31893ed09e9b3) Importer(815301076,1909f56bfc062723c751e8b465ee728b)
Start importing Assets/Charcaters/Klon/Klon4.prefab using Guid(aaa34af902f6d3d4d9d31893ed09e9b3) Importer(815301076,1909f56bfc062723c751e8b465ee728b)  -> (artifact id: '276199f6c4d654615560bca5139b11cf') in 0.205450 seconds 
  Import took 0.218375 seconds .

========================================================================
Received Import Request.
  Time since last request: 16.843511 seconds.
  path: Assets/Charcaters/Klon/Klon4.prefab
  artifactKey: Guid(aaa34af902f6d3d4d9d31893ed09e9b3) Importer(815301076,1909f56bfc062723c751e8b465ee728b)
Start importing Assets/Charcaters/Klon/Klon4.prefab using Guid(aaa34af902f6d3d4d9d31893ed09e9b3) Importer(815301076,1909f56bfc062723c751e8b465ee728b)  -> (artifact id: '3393f3f3313297391f954b5db2f9280d') in 0.204443 seconds 
  Import took 0.217047 seconds .

========================================================================
Received Import Request.
  Time since last request: 16.263215 seconds.
  path: Assets/Charcaters/Sub Gamer/Sub Gamer3.prefab
  artifactKey: Guid(213d28d0ec728264383ac6f22bcac84b) Importer(815301076,1909f56bfc062723c751e8b465ee728b)
Start importing Assets/Charcaters/Sub Gamer/Sub Gamer3.prefab using Guid(213d28d0ec728264383ac6f22bcac84b) Importer(815301076,1909f56bfc062723c751e8b465ee728b)  -> (artifact id: '7d2af8a0d385bb0771103d6e6009ba8e') in 0.191035 seconds 
  Import took 0.203233 seconds .

========================================================================
Received Import Request.
  Time since last request: 0.000466 seconds.
  path: Assets/Charcaters/Sub Gamer/Sub Gamer4.prefab
  artifactKey: Guid(bdb81cfcdade274459e575c905a6b13c) Importer(815301076,1909f56bfc062723c751e8b465ee728b)
Start importing Assets/Charcaters/Sub Gamer/Sub Gamer4.prefab using Guid(bdb81cfcdade274459e575c905a6b13c) Importer(815301076,1909f56bfc062723c751e8b465ee728b)  -> (artifact id: '51e4805512ea649e56998b6d06ecc391') in 0.196157 seconds 
  Import took 0.207456 seconds .

========================================================================
Received Import Request.
  Time since last request: 0.049703 seconds.
  path: Assets/Charcaters/Sub Gamer/Sub Gamer4.prefab
  artifactKey: Guid(bdb81cfcdade274459e575c905a6b13c) Importer(815301076,1909f56bfc062723c751e8b465ee728b)
Start importing Assets/Charcaters/Sub Gamer/Sub Gamer4.prefab using Guid(bdb81cfcdade274459e575c905a6b13c) Importer(815301076,1909f56bfc062723c751e8b465ee728b)  -> (artifact id: '51e4805512ea649e56998b6d06ecc391') in 0.194818 seconds 
  Import took 0.206771 seconds .

========================================================================
Received Import Request.
  Time since last request: 17.757070 seconds.
  path: Assets/Charcaters/Xion/Xion.prefab
  artifactKey: Guid(cb018a1796aa14c49ba1beef4123f23d) Importer(815301076,1909f56bfc062723c751e8b465ee728b)
Start importing Assets/Charcaters/Xion/Xion.prefab using Guid(cb018a1796aa14c49ba1beef4123f23d) Importer(815301076,1909f56bfc062723c751e8b465ee728b)  -> (artifact id: '7b3e1ec86c84b07d49062934bb8ca355') in 0.229686 seconds 
  Import took 0.241824 seconds .

========================================================================
Received Import Request.
  Time since last request: 10.494890 seconds.
  path: Assets/Charcaters/Xion/Xion2.prefab
  artifactKey: Guid(232bf8f1cafef6c4cbffa725dbaa2063) Importer(815301076,1909f56bfc062723c751e8b465ee728b)
Start importing Assets/Charcaters/Xion/Xion2.prefab using Guid(232bf8f1cafef6c4cbffa725dbaa2063) Importer(815301076,1909f56bfc062723c751e8b465ee728b)  -> (artifact id: 'd064164ef707c0e3c7e567a634a0f639') in 0.229262 seconds 
  Import took 0.242052 seconds .

========================================================================
Received Prepare
Refreshing native plugins compatible for Editor in 6.80 ms, found 3 plugins.
Preloading 0 native plugins for Editor in 0.00 ms.
Unloading 14 Unused Serialized files (Serialized files now loaded: 0)
System memory in use before: 87.4 MB.
System memory in use after: 87.6 MB.

Unloading 14 unused Assets to reduce memory usage. Loaded Objects now: 2903.
Total: 4.166700 ms (FindLiveObjects: 0.334700 ms CreateObjectMapping: 0.144100 ms MarkObjects: 3.662600 ms  DeleteObjects: 0.024300 ms)

AssetImportParameters requested are different than current active one (requested -> active):
  custom:framework-win-MediaFoundation: 216162199b28c13a410421893ffa2e32 -> 
  custom:video-decoder-ogg-theora: a1e56fd34408186e4bbccfd4996cb3dc -> 
  custom:container-muxer-webm: aa71ff27fc2769a1b78a27578f13a17b -> 
  custom:container-demuxer-webm: 4f35f7cbe854078d1ac9338744f61a02 -> 
  custom:container-demuxer-ogg: 62fdf1f143b41e24485cea50d1cbac27 -> 
  custom:video-encoder-webm-vp8: eb34c28f22e8b96e1ab97ce403110664 -> 
  custom:video-decoder-webm-vp8: 9c59270c3fd7afecdb556c50c9e8de78 -> 
  custom:audio-decoder-ogg-vorbis: bf7c407c2cedff20999df2af8eb42d56 -> 
  custom:audio-encoder-webm-vorbis: bf7c407c2cedff20999df2af8eb42d56 -> 
AssetImportWorkerClient::OnTransportError - code=2 error=End of file
